\BOOKMARK [0][-]{chapter*.4}{\376\377\000L\000i\000s\000t\000\040\000o\000f\000\040\000T\000a\000b\000l\000e\000s}{}% 1
\BOOKMARK [0][-]{chapter*.5}{\376\377\000L\000i\000s\000t\000\040\000o\000f\000\040\000F\000i\000g\000u\000r\000e\000s}{}% 2
\BOOKMARK [0][-]{chapter.1}{\376\377\000I\000n\000t\000r\000o\000d\000u\000c\000t\000i\000o\000n}{}% 3
\BOOKMARK [1][-]{section.1.1}{\376\377\000I\000n\000t\000r\000o\000d\000u\000c\000t\000i\000o\000n}{chapter.1}% 4
\BOOKMARK [1][-]{section.1.2}{\376\377\000P\000r\000o\000b\000l\000e\000m\000\040\000S\000t\000a\000t\000e\000m\000e\000n\000t}{chapter.1}% 5
\BOOKMARK [2][-]{subsection.1.2.1}{\376\377\000R\000e\000s\000e\000a\000r\000c\000h\000\040\000Q\000u\000e\000s\000t\000i\000o\000n\000s}{section.1.2}% 6
\BOOKMARK [1][-]{section.1.3}{\376\377\000R\000e\000s\000e\000a\000r\000c\000h\000\040\000A\000i\000m\000s\000\040\000a\000n\000d\000\040\000C\000o\000n\000t\000r\000i\000b\000u\000t\000i\000o\000n\000s}{chapter.1}% 7
\BOOKMARK [2][-]{subsection.1.3.1}{\376\377\000A\000i\000m\000s}{section.1.3}% 8
\BOOKMARK [2][-]{subsection.1.3.2}{\376\377\000C\000o\000n\000t\000r\000i\000b\000u\000t\000i\000o\000n\000s}{section.1.3}% 9
\BOOKMARK [1][-]{section.1.4}{\376\377\000M\000e\000t\000h\000o\000d\000o\000l\000o\000g\000i\000c\000a\000l\000\040\000O\000v\000e\000r\000v\000i\000e\000w}{chapter.1}% 10
\BOOKMARK [1][-]{section.1.5}{\376\377\000D\000a\000t\000a\000s\000e\000t\000\040\000a\000n\000d\000\040\000E\000v\000a\000l\000u\000a\000t\000i\000o\000n\000\040\000P\000r\000e\000v\000i\000e\000w}{chapter.1}% 11
\BOOKMARK [1][-]{section.1.6}{\376\377\000T\000h\000e\000s\000i\000s\000\040\000O\000u\000t\000l\000i\000n\000e}{chapter.1}% 12
\BOOKMARK [0][-]{chapter.2}{\376\377\000L\000i\000t\000e\000r\000a\000t\000u\000r\000e\000\040\000R\000e\000v\000i\000e\000w}{}% 13
\BOOKMARK [1][-]{section.2.1}{\376\377\000T\000h\000e\000o\000r\000e\000t\000i\000c\000a\000l\000\040\000F\000o\000u\000n\000d\000a\000t\000i\000o\000n\000s\000\040\000a\000n\000d\000\040\000B\000a\000c\000k\000g\000r\000o\000u\000n\000d}{chapter.2}% 14
\BOOKMARK [2][-]{subsection.2.1.1}{\376\377\000S\000o\000f\000t\000w\000a\000r\000e\000\040\000B\000u\000g\000s\000\040\000a\000n\000d\000\040\000V\000u\000l\000n\000e\000r\000a\000b\000i\000l\000i\000t\000i\000e\000s}{section.2.1}% 15
\BOOKMARK [2][-]{subsection.2.1.2}{\376\377\000C\000l\000a\000s\000s\000i\000c\000a\000l\000\040\000P\000r\000o\000g\000r\000a\000m\000\040\000A\000n\000a\000l\000y\000s\000i\000s\000:\000\040\000S\000t\000a\000t\000i\000c\000\040\000a\000n\000d\000\040\000D\000y\000n\000a\000m\000i\000c}{section.2.1}% 16
\BOOKMARK [2][-]{subsection.2.1.3}{\376\377\000C\000o\000d\000e\000\040\000R\000e\000p\000r\000e\000s\000e\000n\000t\000a\000t\000i\000o\000n\000s\000\040\000f\000o\000r\000\040\000S\000e\000c\000u\000r\000i\000t\000y\000\040\000A\000n\000a\000l\000y\000s\000i\000s}{section.2.1}% 17
\BOOKMARK [2][-]{subsection.2.1.4}{\376\377\000L\000e\000a\000r\000n\000i\000n\000g\000\040\000o\000v\000e\000r\000\040\000S\000t\000r\000u\000c\000t\000u\000r\000e\000\040\000a\000n\000d\000\040\000C\000a\000u\000s\000a\000l\000i\000t\000y\000-\000A\000w\000a\000r\000e\000\040\000A\000n\000a\000l\000y\000s\000i\000s}{section.2.1}% 18
\BOOKMARK [2][-]{subsection.2.1.5}{\376\377\000C\000a\000u\000s\000a\000l\000\040\000K\000n\000o\000w\000l\000e\000d\000g\000e\000\040\000G\000r\000a\000p\000h\000s\000\040\000\050\000C\000K\000G\000\051}{section.2.1}% 19
\BOOKMARK [2][-]{subsection.2.1.6}{\376\377\000C\000o\000n\000s\000t\000r\000a\000i\000n\000e\000d\000\040\000D\000e\000c\000o\000d\000i\000n\000g\000\040\000a\000n\000d\000\040\000B\000e\000a\000m\000\040\000S\000e\000a\000r\000c\000h\000\040\000f\000o\000r\000\040\000S\000t\000r\000u\000c\000t\000u\000r\000e\000d\000\040\000R\000e\000a\000s\000o\000n\000i\000n\000g}{section.2.1}% 20
\BOOKMARK [1][-]{section.2.2}{\376\377\000R\000e\000l\000a\000t\000e\000d\000\040\000W\000o\000r\000k\000s}{chapter.2}% 21
\BOOKMARK [2][-]{subsection.2.2.1}{\376\377\000S\000t\000a\000t\000i\000c\000\040\000A\000n\000a\000l\000y\000s\000i\000s\000:\000\040\000F\000o\000u\000n\000d\000a\000t\000i\000o\000n\000s\000\040\000a\000n\000d\000\040\000D\000L\000\040\000I\000n\000t\000e\000g\000r\000a\000t\000i\000o\000n}{section.2.2}% 22
\BOOKMARK [2][-]{subsection.2.2.2}{\376\377\000D\000y\000n\000a\000m\000i\000c\000\040\000A\000n\000a\000l\000y\000s\000i\000s\000:\000\040\000E\000x\000e\000c\000u\000t\000i\000o\000n\000\040\000E\000v\000i\000d\000e\000n\000c\000e\000\040\000a\000n\000d\000\040\000D\000L\000\040\000I\000n\000t\000e\000g\000r\000a\000t\000i\000o\000n}{section.2.2}% 23
\BOOKMARK [2][-]{subsection.2.2.3}{\376\377\000D\000e\000e\000p\000\040\000L\000e\000a\000r\000n\000i\000n\000g\000\040\000B\000a\000s\000e\000d\000\040\000T\000e\000c\000h\000n\000i\000q\000u\000e\000s}{section.2.2}% 24
\BOOKMARK [2][-]{subsection.2.2.4}{\376\377\000C\000a\000u\000s\000a\000l\000\040\000R\000e\000a\000s\000o\000n\000i\000n\000g\000\040\000a\000n\000d\000\040\000C\000a\000u\000s\000a\000l\000\040\000D\000e\000e\000p\000\040\000L\000e\000a\000r\000n\000i\000n\000g\000\040\000T\000e\000c\000h\000n\000i\000q\000u\000e\000s}{section.2.2}% 25
\BOOKMARK [2][-]{subsection.2.2.5}{\376\377\000E\000x\000p\000l\000a\000i\000n\000a\000b\000i\000l\000i\000t\000y\000\040\000a\000n\000d\000\040\000I\000n\000t\000e\000r\000p\000r\000e\000t\000a\000b\000i\000l\000i\000t\000y\000\040\000T\000e\000c\000h\000n\000i\000q\000u\000e\000s}{section.2.2}% 26
\BOOKMARK [1][-]{section.2.3}{\376\377\000R\000e\000s\000e\000a\000r\000c\000h\000\040\000G\000a\000p\000s}{chapter.2}% 27
\BOOKMARK [2][-]{subsection.2.3.1}{\376\377\000T\000h\000e\000\040\000C\000a\000u\000s\000a\000l\000\040\000D\000e\000f\000i\000c\000i\000e\000n\000c\000y\000\040\000a\000n\000d\000\040\000G\000e\000n\000e\000r\000a\000l\000i\000z\000a\000t\000i\000o\000n\000\040\000G\000a\000p}{section.2.3}% 28
\BOOKMARK [2][-]{subsection.2.3.2}{\376\377\000T\000h\000e\000\040\000I\000n\000t\000e\000r\000p\000r\000o\000c\000e\000d\000u\000r\000a\000l\000\040\000R\000e\000a\000s\000o\000n\000i\000n\000g\000\040\000G\000a\000p}{section.2.3}% 29
\BOOKMARK [2][-]{subsection.2.3.3}{\376\377\000T\000h\000e\000\040\000C\000a\000u\000s\000a\000l\000\040\000E\000v\000a\000l\000u\000a\000t\000i\000o\000n\000\040\000G\000a\000p}{section.2.3}% 30
\BOOKMARK [1][-]{section.2.4}{\376\377\000R\000e\000s\000e\000a\000r\000c\000h\000\040\000C\000h\000a\000l\000l\000e\000n\000g\000e\000s\000\040\000a\000n\000d\000\040\000R\000a\000t\000i\000o\000n\000a\000l\000e}{chapter.2}% 31
\BOOKMARK [0][-]{chapter.3}{\376\377\000M\000e\000t\000h\000o\000d\000o\000l\000o\000g\000y}{}% 32
\BOOKMARK [1][-]{section.3.1}{\376\377\000C\000h\000a\000i\000n\000-\000C\000e\000n\000t\000r\000i\000c\000\040\000P\000r\000o\000g\000r\000a\000m\000\040\000R\000e\000p\000r\000e\000s\000e\000n\000t\000a\000t\000i\000o\000n}{chapter.3}% 33
\BOOKMARK [2][-]{subsection.3.1.1}{\376\377\000D\000a\000t\000a\000s\000e\000t\000\040\000D\000e\000s\000c\000r\000i\000p\000t\000i\000o\000n\000,\000\040\000G\000r\000o\000u\000n\000d\000\040\000T\000r\000u\000t\000h\000\040\000F\000o\000r\000m\000a\000t\000i\000o\000n\000,\000\040\000a\000n\000d\000\040\000P\000r\000e\000p\000r\000o\000c\000e\000s\000s\000i\000n\000g\000\040\000P\000i\000p\000e\000l\000i\000n\000e}{section.3.1}% 34
\BOOKMARK [2][-]{subsection.3.1.2}{\376\377\000R\000e\000p\000o\000s\000V\000u\000l\000:\000\040\000s\000c\000o\000p\000e\000\040\000a\000n\000d\000\040\000c\000h\000a\000r\000a\000c\000t\000e\000r\000i\000s\000t\000i\000c\000s}{section.3.1}% 35
\BOOKMARK [2][-]{subsection.3.1.3}{\376\377\000E\000x\000t\000r\000a\000c\000t\000i\000o\000n\000\040\000a\000n\000d\000\040\000g\000r\000a\000p\000h\000\040\000c\000o\000n\000s\000t\000r\000u\000c\000t\000i\000o\000n\000\040\000p\000i\000p\000e\000l\000i\000n\000e}{section.3.1}% 36
\BOOKMARK [2][-]{subsection.3.1.4}{\376\377\000U\000n\000i\000f\000i\000e\000d\000\040\000m\000u\000l\000t\000i\000g\000r\000a\000p\000h\000,\000\040\000t\000y\000p\000i\000n\000g\000,\000\040\000f\000e\000a\000t\000u\000r\000e\000s\000,\000\040\000a\000n\000d\000\040\000s\000t\000o\000r\000a\000g\000e}{section.3.1}% 37
\BOOKMARK [2][-]{subsection.3.1.5}{\376\377\000G\000r\000o\000u\000n\000d\000-\000t\000r\000u\000t\000h\000\040\000d\000e\000f\000i\000n\000i\000t\000i\000o\000n}{section.3.1}% 38
\BOOKMARK [2][-]{subsection.3.1.6}{\376\377\000I\000n\000t\000e\000r\000p\000r\000o\000c\000e\000d\000u\000r\000a\000l\000\040\000S\000e\000m\000a\000n\000t\000i\000c\000s\000\040\000a\000n\000d\000\040\000C\000r\000o\000s\000s\000-\000B\000o\000u\000n\000d\000a\000r\000y\000\040\000V\000a\000l\000i\000d\000i\000t\000y}{section.3.1}% 39
\BOOKMARK [2][-]{subsection.3.1.7}{\376\377\000D\000a\000t\000a\000\040\000S\000p\000l\000i\000t\000s\000,\000\040\000C\000o\000n\000t\000r\000o\000l\000s\000,\000\040\000a\000n\000d\000\040\000R\000e\000p\000r\000o\000d\000u\000c\000i\000b\000i\000l\000i\000t\000y}{section.3.1}% 40
\BOOKMARK [2][-]{subsection.3.1.8}{\376\377\000E\000m\000p\000i\000r\000i\000c\000a\000l\000\040\000C\000o\000v\000e\000r\000a\000g\000e\000\040\000a\000n\000d\000\040\000D\000a\000t\000a\000s\000e\000t\000\040\000S\000t\000a\000t\000i\000s\000t\000i\000c\000s}{section.3.1}% 41
\BOOKMARK [2][-]{subsection.3.1.9}{\376\377\000S\000u\000m\000m\000a\000r\000y}{section.3.1}% 42
\BOOKMARK [1][-]{section.3.2}{\376\377\000M\000o\000d\000e\000l\000\040\000A\000r\000c\000h\000i\000t\000e\000c\000t\000u\000r\000e}{chapter.3}% 43
\BOOKMARK [2][-]{subsection.3.2.1}{\376\377\000G\000r\000a\000p\000h\000C\000o\000d\000e\000B\000E\000R\000T\000\040\000F\000e\000a\000t\000u\000r\000e\000\040\000I\000n\000i\000t\000i\000a\000l\000i\000z\000a\000t\000i\000o\000n}{section.3.2}% 44
\BOOKMARK [2][-]{subsection.3.2.2}{\376\377\000G\000A\000T\000\040\000w\000i\000t\000h\000\040\000C\000a\000u\000s\000a\000l\000i\000t\000y\000-\000O\000r\000i\000e\000n\000t\000e\000d\000\040\000A\000t\000t\000e\000n\000t\000i\000o\000n}{section.3.2}% 45
\BOOKMARK [2][-]{subsection.3.2.3}{\376\377\000C\000a\000u\000s\000a\000l\000\040\000K\000n\000o\000w\000l\000e\000d\000g\000e\000\040\000G\000r\000a\000p\000h\000\040\000\050\000C\000K\000G\000\051\000:\000\040\000M\000i\000n\000i\000n\000g\000,\000\040\000F\000i\000n\000d\000i\000n\000g\000s\000,\000\040\000a\000n\000d\000\040\000P\000r\000i\000o\000r\000\040\000f\000o\000r\000\040\000D\000e\000c\000o\000d\000i\000n\000g}{section.3.2}% 46
\BOOKMARK [2][-]{subsection.3.2.4}{\376\377\000A\000d\000a\000p\000t\000i\000v\000e\000\040\000C\000a\000u\000s\000a\000l\000\040\000C\000o\000n\000t\000e\000x\000t\000u\000a\000l\000i\000z\000a\000t\000i\000o\000n\000\040\000\050\000A\000C\000C\000\051\000\040\000f\000o\000r\000\040\000C\000h\000a\000i\000n\000\040\000A\000s\000s\000e\000m\000b\000l\000y}{section.3.2}% 47
\BOOKMARK [2][-]{subsection.3.2.5}{\376\377\000C\000h\000a\000i\000n\000\040\000E\000x\000t\000r\000a\000c\000t\000i\000o\000n\000\040\000a\000n\000d\000\040\000C\000h\000a\000i\000n\000\040\000V\000a\000l\000i\000d\000a\000t\000i\000o\000n}{section.3.2}% 48
\BOOKMARK [2][-]{subsection.3.2.6}{\376\377\000T\000r\000a\000i\000n\000i\000n\000g\000,\000\040\000O\000p\000t\000i\000m\000i\000z\000a\000t\000i\000o\000n\000,\000\040\000a\000n\000d\000\040\000H\000y\000p\000e\000r\000p\000a\000r\000a\000m\000e\000t\000e\000r\000s}{section.3.2}% 49
\BOOKMARK [2][-]{subsection.3.2.7}{\376\377\000I\000m\000p\000l\000e\000m\000e\000n\000t\000a\000t\000i\000o\000n\000\040\000D\000e\000t\000a\000i\000l\000s}{section.3.2}% 50
\BOOKMARK [0][-]{chapter.4}{\376\377\000E\000v\000a\000l\000u\000a\000t\000i\000o\000n\000\040\000P\000r\000o\000t\000o\000c\000o\000l\000\040\000a\000n\000d\000\040\000M\000e\000t\000r\000i\000c\000s}{}% 51
\BOOKMARK [1][-]{section.4.1}{\376\377\000E\000x\000p\000e\000r\000i\000m\000e\000n\000t\000a\000l\000\040\000S\000e\000t\000t\000i\000n\000g\000s}{chapter.4}% 52
\BOOKMARK [1][-]{section.4.2}{\376\377\000T\000h\000r\000e\000s\000h\000o\000l\000d\000i\000n\000g\000\040\000a\000n\000d\000\040\000C\000a\000l\000i\000b\000r\000a\000t\000i\000o\000n}{chapter.4}% 53
\BOOKMARK [1][-]{section.4.3}{\376\377\000S\000t\000a\000n\000d\000a\000r\000d\000\040\000C\000l\000a\000s\000s\000i\000f\000i\000c\000a\000t\000i\000o\000n\000\040\000M\000e\000t\000r\000i\000c\000s}{chapter.4}% 54
\BOOKMARK [1][-]{section.4.4}{\376\377\000C\000a\000u\000s\000a\000l\000\040\000M\000e\000t\000r\000i\000c\000s}{chapter.4}% 55
\BOOKMARK [2][-]{subsection.4.4.1}{\376\377\000V\000a\000l\000i\000d\000i\000t\000y\000\040\000o\000f\000\040\000P\000r\000e\000d\000i\000c\000t\000e\000d\000\040\000C\000h\000a\000i\000n\000s}{section.4.4}% 56
\BOOKMARK [2][-]{subsection.4.4.2}{\376\377\000S\000t\000r\000u\000c\000t\000u\000r\000a\000l\000\040\000A\000g\000r\000e\000e\000m\000e\000n\000t\000\040\000w\000i\000t\000h\000\040\000G\000r\000o\000u\000n\000d\000\040\000T\000r\000u\000t\000h}{section.4.4}% 57
\BOOKMARK [2][-]{subsection.4.4.3}{\376\377\000I\000n\000t\000e\000r\000p\000r\000o\000c\000e\000d\000u\000r\000a\000l\000i\000t\000y}{section.4.4}% 58
\BOOKMARK [2][-]{subsection.4.4.4}{\376\377\000B\000e\000a\000m\000\040\000a\000n\000d\000\040\000P\000r\000i\000o\000r\000\040\000D\000i\000a\000g\000n\000o\000s\000t\000i\000c\000s}{section.4.4}% 59
\BOOKMARK [2][-]{subsection.4.4.5}{\376\377\000C\000o\000u\000n\000t\000e\000r\000f\000a\000c\000t\000u\000a\000l\000\040\000M\000e\000t\000r\000i\000c\000s\000:\000\040\000C\000C\000S\000\040\000a\000n\000d\000\040\000C\000F\000A\000M}{section.4.4}% 60
\BOOKMARK [1][-]{section.4.5}{\376\377\000R\000e\000p\000r\000o\000d\000u\000c\000i\000b\000i\000l\000i\000t\000y\000\040\000a\000n\000d\000\040\000A\000r\000t\000i\000f\000a\000c\000t}{chapter.4}% 61
\BOOKMARK [0][-]{chapter.5}{\376\377\000E\000x\000p\000e\000r\000i\000m\000e\000n\000t\000a\000l\000\040\000R\000e\000s\000u\000l\000t\000s\000\040\000a\000n\000d\000\040\000A\000n\000a\000l\000y\000s\000i\000s}{}% 62
\BOOKMARK [1][-]{section.5.1}{\376\377\000S\000e\000t\000u\000p\000\040\000S\000n\000a\000p\000s\000h\000o\000t}{chapter.5}% 63
\BOOKMARK [2][-]{subsection.5.1.1}{\376\377\000D\000a\000t\000a\000s\000e\000t\000\040\000a\000n\000d\000\040\000S\000p\000l\000i\000t\000s}{section.5.1}% 64
\BOOKMARK [2][-]{subsection.5.1.2}{\376\377\000M\000o\000d\000e\000l\000\040\000V\000a\000r\000i\000a\000n\000t\000s}{section.5.1}% 65
\BOOKMARK [2][-]{subsection.5.1.3}{\376\377\000D\000e\000c\000o\000d\000i\000n\000g\000\040\000a\000n\000d\000\040\000t\000h\000e\000\040\000C\000K\000G\000\040\000P\000r\000i\000o\000r}{section.5.1}% 66
\BOOKMARK [2][-]{subsection.5.1.4}{\376\377\000T\000r\000a\000i\000n\000i\000n\000g\000,\000\040\000C\000a\000l\000i\000b\000r\000a\000t\000i\000o\000n\000,\000\040\000a\000n\000d\000\040\000T\000h\000r\000e\000s\000h\000o\000l\000d\000i\000n\000g}{section.5.1}% 67
\BOOKMARK [2][-]{subsection.5.1.5}{\376\377\000R\000e\000p\000o\000r\000t\000i\000n\000g\000\040\000C\000o\000n\000v\000e\000n\000t\000i\000o\000n\000s\000\040\000a\000n\000d\000\040\000S\000t\000a\000t\000i\000s\000t\000i\000c\000a\000l\000\040\000M\000e\000a\000s\000u\000r\000e\000s}{section.5.1}% 68
\BOOKMARK [2][-]{subsection.5.1.6}{\376\377\000E\000x\000p\000e\000r\000i\000m\000e\000n\000t\000\040\000E\000n\000v\000i\000r\000o\000n\000m\000e\000n\000t\000\040\000a\000n\000d\000\040\000A\000r\000t\000i\000f\000a\000c\000t}{section.5.1}% 69
\BOOKMARK [1][-]{section.5.2}{\376\377\000C\000o\000n\000v\000e\000n\000t\000i\000o\000n\000a\000l\000\040\000M\000e\000t\000r\000i\000c\000s}{chapter.5}% 70
\BOOKMARK [2][-]{subsection.5.2.1}{\376\377\000A\000c\000c\000u\000r\000a\000c\000y\000/\000P\000r\000e\000c\000i\000s\000i\000o\000n\000/\000R\000e\000c\000a\000l\000l\000/\000F\0001\000,\000\040\000A\000U\000R\000O\000C\000,\000\040\000A\000U\000P\000R\000C}{section.5.2}% 71
\BOOKMARK [2][-]{subsection.5.2.2}{\376\377\000T\000h\000r\000e\000s\000h\000o\000l\000d\000i\000n\000g\000\040\000a\000n\000d\000\040\000C\000a\000l\000i\000b\000r\000a\000t\000i\000o\000n\000\040\000C\000u\000r\000v\000e\000s\000\040\000\050\000P\000R\000,\000\040\000R\000O\000C\000\051}{section.5.2}% 72
\BOOKMARK [2][-]{subsection.5.2.3}{\376\377\000E\000r\000r\000o\000r\000\040\000A\000n\000a\000l\000y\000s\000i\000s}{section.5.2}% 73
\BOOKMARK [1][-]{section.5.3}{\376\377\000C\000h\000a\000i\000n\000\040\000Q\000u\000a\000l\000i\000t\000y\000\040\000a\000n\000d\000\040\000I\000n\000t\000e\000r\000p\000r\000o\000c\000e\000d\000u\000r\000a\000l\000\040\000S\000t\000r\000u\000c\000t\000u\000r\000e}{chapter.5}% 74
\BOOKMARK [2][-]{subsection.5.3.1}{\376\377\000V\000a\000l\000i\000d\000i\000t\000y\000\040\000r\000a\000t\000e\000\040\000\050\000C\000F\000G\000/\000D\000F\000G\000/\000a\000l\000i\000a\000s\000/\000s\000t\000a\000c\000k\000\040\000c\000h\000e\000c\000k\000s\000\051}{section.5.3}% 75
\BOOKMARK [2][-]{subsection.5.3.2}{\376\377\000I\000n\000t\000e\000r\000p\000r\000o\000c\000e\000d\000u\000r\000a\000l\000i\000t\000y\000\040\000\050\000I\000P\000A\000\040\000r\000a\000t\000e\000;\000\040\000c\000a\000l\000l\000/\000r\000e\000t\000u\000r\000n\000\040\000u\000s\000e\000\051}{section.5.3}% 76
\BOOKMARK [2][-]{subsection.5.3.3}{\376\377\000R\000o\000l\000e\000\040\000\046\000\040\000o\000r\000d\000e\000r\000\040\000a\000g\000r\000e\000e\000m\000e\000n\000t\000\040\000\050\000N\000o\000d\000e\000/\000E\000d\000g\000e\000\040\000c\000o\000v\000e\000r\000a\000g\000e\000,\000\040\000R\000o\000l\000e\000C\000o\000v\000,\000\040\000L\000C\000S\000\051}{section.5.3}% 77
\BOOKMARK [2][-]{subsection.5.3.4}{\376\377\000S\000u\000c\000c\000i\000n\000c\000t\000n\000e\000s\000s\000\040\000a\000n\000d\000\040\000s\000p\000a\000n\000\040\000\050\000l\000e\000n\000g\000t\000h\000,\000\040\000f\000i\000l\000e\000s\000\040\000c\000r\000o\000s\000s\000e\000d\000\051}{section.5.3}% 78
\BOOKMARK [1][-]{section.5.4}{\376\377\000D\000e\000c\000o\000d\000i\000n\000g\000\040\000P\000r\000o\000f\000i\000l\000e\000\040\000a\000n\000d\000\040\000R\000u\000n\000t\000i\000m\000e}{chapter.5}% 79
\BOOKMARK [2][-]{subsection.5.4.1}{\376\377\000B\000e\000a\000m\000/\000A\000C\000C\000\040\000b\000e\000h\000a\000v\000i\000o\000r\000\040\000\050\000K\000,\000\040\000B\000,\000\040\000H\000;\000\040\000a\000v\000g\000\040\000s\000t\000e\000p\000s\000;\000\040\000b\000r\000a\000n\000c\000h\000i\000n\000g\000\051}{section.5.4}% 80
\BOOKMARK [2][-]{subsection.5.4.2}{\376\377\000L\000a\000t\000e\000n\000c\000y\000\040\000a\000n\000d\000\040\000m\000e\000m\000o\000r\000y\000\040\000a\000t\000\040\000i\000n\000f\000e\000r\000e\000n\000c\000e\000\040\000\050\000p\000e\000r\000\040\000g\000r\000a\000p\000h\000\051}{section.5.4}% 81
\BOOKMARK [1][-]{section.5.5}{\376\377\000C\000a\000u\000s\000a\000l\000\040\000M\000e\000t\000r\000i\000c\000s\000\040\000a\000n\000d\000\040\000C\000o\000u\000n\000t\000e\000r\000f\000a\000c\000t\000u\000a\000l\000\040\000B\000e\000h\000a\000v\000i\000o\000r}{chapter.5}% 82
\BOOKMARK [2][-]{subsection.5.5.1}{\376\377\000O\000v\000e\000r\000a\000l\000l\000\040\000Q\000u\000a\000n\000t\000i\000t\000a\000t\000i\000v\000e\000\040\000M\000e\000t\000r\000i\000c\000s}{section.5.5}% 83
\BOOKMARK [2][-]{subsection.5.5.2}{\376\377\000C\000C\000S\000\040\000b\000y\000\040\000i\000n\000t\000e\000r\000v\000e\000n\000t\000i\000o\000n\000\040\000t\000y\000p\000e\000\040\000\050\000m\000i\000n\000o\000r\000\040\000v\000s\000.\000\040\000m\000a\000j\000o\000r\000\051}{section.5.5}% 84
\BOOKMARK [2][-]{subsection.5.5.3}{\376\377\000D\000i\000r\000e\000c\000t\000i\000o\000n\000a\000l\000\040\000c\000o\000n\000s\000i\000s\000t\000e\000n\000c\000y\000\040\000r\000a\000t\000e\000\040\000\050\000D\000C\000R\000\051}{section.5.5}% 85
\BOOKMARK [2][-]{subsection.5.5.4}{\376\377\000C\000F\000A\000M\000\040\000\050\000o\000n\000-\000c\000h\000a\000i\000n\000\040\000a\000t\000t\000r\000i\000b\000u\000t\000i\000o\000n\000\040\000s\000h\000a\000r\000e\000\051}{section.5.5}% 86
\BOOKMARK [2][-]{subsection.5.5.5}{\376\377\000C\000h\000a\000i\000n\000\040\000i\000n\000v\000a\000l\000i\000d\000a\000t\000i\000o\000n\000\040\000u\000n\000d\000e\000r\000\040\000e\000d\000i\000t\000s}{section.5.5}% 87
\BOOKMARK [1][-]{section.5.6}{\376\377\000A\000b\000l\000a\000t\000i\000o\000n\000s\000\040\000a\000n\000d\000\040\000V\000a\000r\000i\000a\000n\000t\000s}{chapter.5}% 88
\BOOKMARK [2][-]{subsection.5.6.1}{\376\377\000F\000e\000a\000t\000u\000r\000e\000\040\000e\000n\000r\000i\000c\000h\000m\000e\000n\000t\000:\000\040\000S\000t\000r\000u\000c\000t\000u\000r\000a\000l\000\040\000v\000s\000.\000\040\000G\000C\000B\000E\000R\000T}{section.5.6}% 89
\BOOKMARK [2][-]{subsection.5.6.2}{\376\377\000A\000C\000C\000\040\000c\000o\000m\000p\000o\000n\000e\000n\000t\000s\000:\000\040\000m\000i\000n\000u\000s\000\040\000s\000a\000n\000i\000t\000i\000z\000e\000r\000\040\000b\000o\000n\000u\000s\000\040\000/\000\040\000a\000l\000i\000a\000s\000\040\000c\000h\000e\000c\000k\000s\000\040\000/\000\040\000I\000P\000A\000\040\000c\000o\000n\000s\000t\000r\000a\000i\000n\000t\000s}{section.5.6}% 90
\BOOKMARK [2][-]{subsection.5.6.3}{\376\377\000C\000K\000G\000\040\000p\000r\000i\000o\000r\000:\000\040\000o\000f\000f\000\040\000v\000s\000.\000\040\000o\000n\000\040\000\050\000s\000m\000o\000o\000t\000h\000i\000n\000g\000/\000m\000i\000x\000t\000u\000r\000e\000\040\000s\000e\000n\000s\000i\000t\000i\000v\000i\000t\000y\000\051}{section.5.6}% 91
\BOOKMARK [2][-]{subsection.5.6.4}{\376\377\000B\000e\000a\000m\000\040\000s\000e\000n\000s\000i\000t\000i\000v\000i\000t\000y\000:\000\040\000K\000/\000B\000/\000H\000\040\000a\000n\000d\000\040\000h\000o\000r\000i\000z\000o\000n\000\040\000l\000i\000m\000i\000t\000s}{section.5.6}% 92
\BOOKMARK [1][-]{section.5.7}{\376\377\000B\000a\000s\000e\000l\000i\000n\000e\000\040\000C\000o\000m\000p\000a\000r\000i\000s\000o\000n\000s}{chapter.5}% 93
\BOOKMARK [2][-]{subsection.5.7.1}{\376\377\000C\000o\000m\000p\000a\000r\000i\000s\000o\000n\000\040\000w\000i\000t\000h\000\040\000C\000a\000u\000s\000a\000l\000\040\000C\000o\000n\000t\000r\000a\000s\000t\000i\000v\000e\000\040\000E\000d\000i\000t\000i\000n\000g\000\040\000\050\000C\000a\000o\000\040\000e\000t\000\040\000a\000l\000.\000,\000\040\000I\000C\000S\000E\040\031\0002\0004\000\051}{section.5.7}% 94
\BOOKMARK [1][-]{section.5.8}{\376\377\000R\000o\000b\000u\000s\000t\000n\000e\000s\000s\000\040\000a\000n\000d\000\040\000G\000e\000n\000e\000r\000a\000l\000i\000z\000a\000t\000i\000o\000n}{chapter.5}% 95
\BOOKMARK [2][-]{subsection.5.8.1}{\376\377\000C\000r\000o\000s\000s\000-\000P\000r\000o\000j\000e\000c\000t\000\040\000G\000e\000n\000e\000r\000a\000l\000i\000z\000a\000t\000i\000o\000n}{section.5.8}% 96
\BOOKMARK [2][-]{subsection.5.8.2}{\376\377\000T\000e\000m\000p\000o\000r\000a\000l\000\040\000R\000o\000b\000u\000s\000t\000n\000e\000s\000s\000\040\000\050\000C\000o\000m\000m\000i\000t\000\040\000C\000h\000r\000o\000n\000o\000l\000o\000g\000y\000\051}{section.5.8}% 97
\BOOKMARK [2][-]{subsection.5.8.3}{\376\377\000R\000e\000f\000a\000c\000t\000o\000r\000i\000n\000g\000\040\000I\000n\000v\000a\000r\000i\000a\000n\000c\000e\000\040\000\050\000A\000u\000g\000m\000e\000n\000t\000a\000t\000i\000o\000n\000s\000\051}{section.5.8}% 98
\BOOKMARK [1][-]{section.5.9}{\376\377\000Q\000u\000a\000l\000i\000t\000a\000t\000i\000v\000e\000\040\000C\000a\000s\000e\000\040\000S\000t\000u\000d\000i\000e\000s}{chapter.5}% 99
\BOOKMARK [2][-]{subsection.5.9.1}{\376\377\000S\000u\000c\000c\000e\000s\000s\000f\000u\000l\000\040\000i\000n\000t\000e\000r\000p\000r\000o\000c\000e\000d\000u\000r\000a\000l\000\040\000c\000h\000a\000i\000n\000s\000\040\000\050\000s\000o\000u\000r\000c\000e\000s\000i\000n\000k\000\040\000n\000a\000r\000r\000a\000t\000i\000v\000e\000s\000\051}{section.5.9}% 100
\BOOKMARK [2][-]{subsection.5.9.2}{\376\377\000F\000a\000i\000l\000u\000r\000e\000\040\000m\000o\000d\000e\000s\000\040\000a\000n\000d\000\040\000d\000i\000a\000g\000n\000o\000s\000t\000i\000c\000s\000\040\000\050\000w\000h\000y\000\040\000c\000h\000a\000i\000n\000s\000\040\000b\000r\000e\000a\000k\000\051}{section.5.9}% 101
\BOOKMARK [2][-]{subsection.5.9.3}{\376\377\000D\000e\000v\000e\000l\000o\000p\000e\000r\000-\000c\000e\000n\000t\000r\000i\000c\000\040\000i\000n\000t\000e\000r\000p\000r\000e\000t\000a\000t\000i\000o\000n\000\040\000\050\000h\000o\000w\000\040\000c\000h\000a\000i\000n\000s\000\040\000i\000n\000f\000o\000r\000m\000\040\000f\000i\000x\000e\000s\000\051}{section.5.9}% 102
\BOOKMARK [1][-]{section.5.10}{\376\377\000S\000u\000m\000m\000a\000r\000y}{chapter.5}% 103
\BOOKMARK [0][-]{chapter.6}{\376\377\000C\000o\000n\000c\000l\000u\000s\000i\000o\000n\000\040\000a\000n\000d\000\040\000F\000u\000t\000u\000r\000e\000\040\000W\000o\000r\000k}{}% 104
\BOOKMARK [0][-]{chapter*.20}{\376\377\000B\000i\000b\000l\000i\000o\000g\000r\000a\000p\000h\000y}{}% 105
\BOOKMARK [0][-]{appendix.1.A}{\376\377\000A\000p\000p\000e\000n\000d\000i\000x\000\040\000A\000l\000g\000o\000r\000i\000t\000h\000m\000s\000\040\000a\000n\000d\000\040\000P\000s\000e\000u\000d\000o\000c\000o\000d\000e}{}% 106
\BOOKMARK [0][-]{appendix.1.B}{\376\377\000A\000p\000p\000e\000n\000d\000i\000x\000\040\000E\000x\000t\000e\000n\000d\000e\000d\000\040\000R\000e\000s\000u\000l\000t\000s\000\040\000a\000n\000d\000\040\000H\000y\000p\000e\000r\000p\000a\000r\000a\000m\000e\000t\000e\000r\000s}{}% 107
\BOOKMARK [1][-]{section.1.B.1}{\376\377\000M\000o\000d\000e\000l\000\040\000a\000n\000d\000\040\000O\000p\000t\000i\000m\000i\000z\000a\000t\000i\000o\000n\000\040\000S\000e\000t\000t\000i\000n\000g\000s}{appendix.1.B}% 108
\BOOKMARK [1][-]{section.1.B.2}{\376\377\000N\000o\000t\000e\000s\000\040\000o\000n\000\040\000C\000a\000c\000h\000e\000d\000\040\000F\000e\000a\000t\000u\000r\000e\000s\000\040\000a\000n\000d\000\040\000M\000a\000n\000i\000f\000e\000s\000t\000s}{appendix.1.B}% 109
\BOOKMARK [1][-]{section.1.B.3}{\376\377\000I\000n\000t\000e\000r\000m\000e\000d\000i\000a\000t\000e\000s\000\040\000L\000o\000g\000g\000e\000d\000\040\000D\000u\000r\000i\000n\000g\000\040\000T\000r\000a\000i\000n\000i\000n\000g}{appendix.1.B}% 110
\BOOKMARK [0][-]{appendix.1.C}{\376\377\000A\000p\000p\000e\000n\000d\000i\000x\000\040\000D\000a\000t\000a\000s\000e\000t\000\040\000C\000a\000r\000d\000\040\000a\000n\000d\000\040\000L\000i\000c\000e\000n\000s\000i\000n\000g}{}% 111
\BOOKMARK [0][-]{appendix.1.D}{\376\377\000A\000p\000p\000e\000n\000d\000i\000x\000\040\000R\000o\000l\000e\000\040\000L\000e\000x\000i\000c\000o\000n\000\040\000a\000n\000d\000\040\000P\000a\000t\000t\000e\000r\000n\000\040\000R\000u\000l\000e\000s}{}% 112
\BOOKMARK [1][-]{section.1.D.1}{\376\377\000A\000P\000I\000\040\000F\000a\000m\000i\000l\000i\000e\000s\000\040\000a\000n\000d\000\040\000E\000x\000a\000m\000p\000l\000e\000s}{appendix.1.D}% 113
\BOOKMARK [1][-]{section.1.D.2}{\376\377\000S\000t\000r\000u\000c\000t\000u\000r\000a\000l\000\040\000P\000a\000t\000t\000e\000r\000n\000s}{appendix.1.D}% 114
\BOOKMARK [0][-]{appendix.1.E}{\376\377\000A\000p\000p\000e\000n\000d\000i\000x\000\040\000R\000e\000p\000r\000o\000d\000u\000c\000i\000b\000i\000l\000i\000t\000y\000\040\000C\000h\000e\000c\000k\000l\000i\000s\000t\000\040\000a\000n\000d\000\040\000A\000r\000t\000i\000f\000a\000c\000t\000\040\000D\000e\000t\000a\000i\000l\000s}{}% 115
